
/home/runner/work/exp-multiple-motors-dei/exp-multiple-motors-dei/experiment/simulation/dc/src/js/main.js
    6:10  warning  'applyCodeChanges' is defined but never used  no-unused-vars
   68:10  warning  'initializeEditor' is defined but never used  no-unused-vars
   69:20  warning  'CodeMirror' is not defined                   no-undef
   93:10  warning  'changePower' is defined but never used       no-unused-vars
  120:10  warning  'changeImage' is defined but never used       no-unused-vars

/home/runner/work/exp-multiple-motors-dei/exp-multiple-motors-dei/experiment/simulation/servo/src/js/main.js
   26:12  warning  'CodeMirror' is not defined              no-undef
  294:10  warning  'changePower' is defined but never used  no-unused-vars
  482:10  warning  'changeImage' is defined but never used  no-unused-vars

/home/runner/work/exp-multiple-motors-dei/exp-multiple-motors-dei/experiment/simulation/src/js/main.js
    2:10  warning  'dispmenu' is defined but never used    no-unused-vars
   60:10  warning  'myFunction' is defined but never used  no-unused-vars
   64:10  warning  'prequiz' is defined but never used     no-unused-vars
  114:10  warning  'postquiz' is defined but never used    no-unused-vars

/home/runner/work/exp-multiple-motors-dei/exp-multiple-motors-dei/experiment/simulation/stepper/src/js/main.js
   10:10  warning  'changePower' is defined but never used              no-unused-vars
   51:10  warning  'changeImageLeft' is defined but never used          no-unused-vars
   58:14  warning  'CodeMirror' is not defined                          no-undef
  180:5   warning  'totalStepsDone' is assigned a value but never used  no-unused-vars
  232:9   warning  'spr' is assigned a value but never used             no-unused-vars

✖ 17 problems (0 errors, 17 warnings)

